<?xml version="1.0" encoding="UTF-8"?>
<!-- Generated by org.testng.reporters.JUnitReportReporter -->
<testsuite skipped="0" hostname="LAPTOP-G9HHL1F8" name="Execution.practice" tests="1" failures="0" timestamp="2021-02-05T00:00:28 IST" time="78.939" errors="0">
  <testcase name="droptest" time="78.939" classname="Execution.practice"/>
  <system-out/>
</testsuite> <!-- Execution.practice -->
